<?xml version="1.0" encoding="UTF-8"?>
<!-- Generated by org.testng.reporters.JUnitReportReporter -->
<testsuite hostname="DESKTOP-VKPRHRF" failures="0" tests="1" name="Cars.LamborginiTest" time="38.975" errors="0" timestamp="2024-07-29T12:19:32 IST" skipped="0">
  <testcase classname="Cars.LamborginiTest" name="Launch" time="38.975"/>
  <system-out>
    <![CDATA[It's lamborgini]]>
  </system-out>
</testsuite> <!-- Cars.LamborginiTest -->
