<?xml version="1.0" encoding="UTF-8"?>
<!-- Generated by org.testng.reporters.JUnitReportReporter -->
<testsuite hostname="DESKTOP-VKPRHRF" failures="0" tests="1" name="Demo.Sample" time="0.018" errors="0" timestamp="2024-07-26T12:04:47 IST" skipped="0">
  <testcase classname="Demo.Sample" name="demo" time="0.018"/>
  <system-out>
    <![CDATA[Sample class executed]]>
  </system-out>
</testsuite> <!-- Demo.Sample -->
