<?xml version="1.0" encoding="UTF-8"?>
<!-- Generated by org.testng.reporters.JUnitReportReporter -->
<testsuite hostname="DESKTOP-VKPRHRF" failures="0" tests="1" name="Cars.FerrariTest" time="32.368" errors="0" timestamp="2024-07-29T12:19:32 IST" skipped="0">
  <testcase classname="Cars.FerrariTest" name="launch" time="32.368"/>
  <system-out>
    <![CDATA[Ferrari is launch]]>
  </system-out>
</testsuite> <!-- Cars.FerrariTest -->
